<?xml version="1.0" encoding="UTF-8"?>
<!-- Generated by org.testng.reporters.JUnitReportReporter -->
<testsuite hostname="DESKTOP-JU8LGQR" failures="0" tests="1" name="selenium.Softassert" time="24.232" errors="0" timestamp="2023-01-26T16:56:01 IST" skipped="0">
  <testcase classname="selenium.Softassert" name="j" time="24.232"/>
  <system-out/>
</testsuite> <!-- selenium.Softassert -->
