<?xml version="1.0" encoding="UTF-8"?>
<!-- Generated by org.testng.reporters.JUnitReportReporter -->
<testsuite hostname="DESKTOP-JU8LGQR" failures="0" tests="1" name="testng1.Script3" time="17.367" errors="0" timestamp="2023-02-03T15:27:57 IST" skipped="0">
  <testcase classname="testng1.Script3" name="online" time="17.367"/>
  <system-out/>
</testsuite> <!-- testng1.Script3 -->
