<?xml version="1.0" encoding="UTF-8"?>
<!-- Generated by org.testng.reporters.JUnitReportReporter -->
<testsuite hostname="DESKTOP-JU8LGQR" failures="0" tests="1" name="testng1.TableDemo" time="110.272" errors="0" timestamp="2023-02-07T16:53:48 IST" skipped="0">
  <testcase classname="testng1.TableDemo" name="table" time="110.272"/>
  <system-out/>
</testsuite> <!-- testng1.TableDemo -->
