<?xml version="1.0" encoding="UTF-8"?>
<!-- Generated by org.testng.reporters.JUnitReportReporter -->
<testsuite hostname="DESKTOP-JU8LGQR" failures="0" tests="1" name="annotationkeyword.NewTest" time="20.496" errors="0" timestamp="2023-01-26T16:40:26 IST" skipped="0">
  <testcase classname="annotationkeyword.NewTest" name="f" time="20.496"/>
  <system-out/>
</testsuite> <!-- annotationkeyword.NewTest -->
