<?xml version="1.0" encoding="UTF-8"?>
<!-- Generated by org.testng.reporters.JUnitReportReporter -->
<testsuite hostname="DESKTOP-JU8LGQR" failures="0" tests="1" name="testng1.Script4" time="26.621" errors="0" timestamp="2023-02-09T21:14:24 IST" skipped="0">
  <testcase classname="testng1.Script4" name="method" time="26.621"/>
  <system-out/>
</testsuite> <!-- testng1.Script4 -->
