<?xml version="1.0" encoding="UTF-8"?>
<!-- Generated by org.testng.reporters.JUnitReportReporter -->
<testsuite hostname="DESKTOP-JU8LGQR" failures="0" tests="1" name="TESTNG.ReadPropertiesFile" time="0.016" errors="0" timestamp="2023-02-10T12:27:09 IST" skipped="0">
  <testcase classname="TESTNG.ReadPropertiesFile" name="Readfile" time="0.016"/>
  <system-out/>
</testsuite> <!-- TESTNG.ReadPropertiesFile -->
