<?xml version="1.0" encoding="UTF-8"?>
<!-- Generated by org.testng.reporters.JUnitReportReporter -->
<testsuite hostname="DESKTOP-JU8LGQR" failures="0" tests="1" name="testng1.ReadPropertiesFile" time="0.018" errors="0" timestamp="2023-02-10T12:25:28 IST" skipped="0">
  <testcase classname="testng1.ReadPropertiesFile" name="Readfile" time="0.018"/>
  <system-out/>
</testsuite> <!-- testng1.ReadPropertiesFile -->
