<?xml version="1.0" encoding="UTF-8"?>
<!-- Generated by org.testng.reporters.JUnitReportReporter -->
<testsuite hostname="DESKTOP-JU8LGQR" failures="0" tests="1" name="TestCasesPractice.TestCase2" time="27.586" errors="0" timestamp="2023-02-18T14:57:32 IST" skipped="0">
  <testcase classname="TestCasesPractice.TestCase2" name="arrival" time="27.586"/>
  <system-out/>
</testsuite> <!-- TestCasesPractice.TestCase2 -->
