<?xml version="1.0" encoding="UTF-8"?>
<!-- Generated by org.testng.reporters.JUnitReportReporter -->
<testsuite hostname="DESKTOP-JU8LGQR" failures="0" tests="1" name="TestCasesPractice.LoginWithValidUsernamePassword" time="14.840" errors="0" timestamp="2023-02-22T12:55:10 IST" skipped="0">
  <testcase classname="TestCasesPractice.LoginWithValidUsernamePassword" name="HomeCase1" time="14.840"/>
  <system-out/>
</testsuite> <!-- TestCasesPractice.LoginWithValidUsernamePassword -->
