<?xml version="1.0" encoding="UTF-8"?>
<!-- Generated by org.testng.reporters.JUnitReportReporter -->
<testsuite hostname="DESKTOP-JU8LGQR" failures="0" tests="1" name="testng1.Script2" time="24.529" errors="0" timestamp="2023-02-03T15:21:56 IST" skipped="0">
  <testcase classname="testng1.Script2" name="method" time="24.529"/>
  <system-out/>
</testsuite> <!-- testng1.Script2 -->
