<?xml version="1.0" encoding="UTF-8"?>
<!-- Generated by org.testng.reporters.JUnitReportReporter -->
<testsuite hostname="DESKTOP-JU8LGQR" failures="0" tests="1" name="Testng.Script2" time="35.043" errors="0" timestamp="2023-02-01T11:18:11 IST" skipped="0">
  <testcase classname="Testng.Script2" name="labs" time="35.043"/>
  <system-out/>
</testsuite> <!-- Testng.Script2 -->
