<?xml version="1.0" encoding="UTF-8"?>
<!-- Generated by org.testng.reporters.JUnitReportReporter -->
<testsuite hostname="DESKTOP-JU8LGQR" failures="0" tests="1" name="testng1.Softassertdemo" time="27.800" errors="0" timestamp="2023-02-03T21:45:31 IST" skipped="0">
  <testcase classname="testng1.Softassertdemo" name="login" time="27.800"/>
  <system-out/>
</testsuite> <!-- testng1.Softassertdemo -->
