<?xml version="1.0" encoding="UTF-8"?>
<!-- Generated by org.testng.reporters.JUnitReportReporter -->
<testsuite hostname="DESKTOP-JU8LGQR" failures="0" tests="4" name="testng1.Browser" time="155.138" errors="0" timestamp="2023-02-03T17:29:17 IST" skipped="0">
  <testcase classname="testng1.Browser" name="multiple" time="47.709"/>
  <system-out/>
  <testcase classname="testng1.Browser" name="multiple" time="41.965"/>
  <system-out/>
  <testcase classname="testng1.Browser" name="multiple" time="32.198"/>
  <system-out/>
  <testcase classname="testng1.Browser" name="multiple" time="33.266"/>
  <system-out/>
</testsuite> <!-- testng1.Browser -->
